<?xml version="1.0" encoding="UTF-8"?>
<!-- Generated by org.testng.reporters.JUnitReportReporter -->
<testsuite hostname="DESKTOP-EHC392M" failures="0" tests="1" name="com.ecommerce.xyz.testscript.Login" time="10.428" errors="0" timestamp="2022-07-19T15:37:30 IST" skipped="0">
  <testcase classname="com.ecommerce.xyz.testscript.Login" name="loginTest" time="10.428"/>
  <system-out/>
</testsuite> <!-- com.ecommerce.xyz.testscript.Login -->
