<?xml version="1.0" encoding="UTF-8"?>
<!-- Generated by org.testng.reporters.JUnitReportReporter -->
<testsuite skipped="0" hostname="DESKTOP-EHC392M" name="com.ecommerce.xyz.testscript.T" tests="1" failures="0" timestamp="2022-07-20T21:41:17 IST" time="0.777" errors="0">
  <testcase name="logtest" time="0.777" classname="com.ecommerce.xyz.testscript.T"/>
  <system-out/>
</testsuite> <!-- com.ecommerce.xyz.testscript.T -->
